/usr/local/lib/python2.7/dist-packages/rebound/simulation.py:293: RuntimeWarning: You have to reset function pointers after creating a reb_simulation struct with a binary file.
  warnings.warn(message, RuntimeWarning)
Running Monotonic Basin Hopping .... this will take a while.
1. 	Local solution: [0.00027361635873099463]	Global best: [0.16890393071710322] i
New solution accepted. Constraints vector: [-2.3452234225278257e-06]
time 1 is 33.9688930511
Deci is [[480.5815490829349, -0.0002255590764645123, 0.0002574027284771374, -4.250576088726465e-06]]
time 1 is 34.4613158703
Deci is [[480.5815490829349, -0.0002255590764645123, 0.0002574027284771374, -4.250576088726465e-06]]
time 1 is 27.6730599403
Deci is [[480.5815410554524, -0.00021969239628862175, 0.00026230596090806693, -9.311248307709189e-07]]
time 1 is 27.1516561508
Deci is [[480.5815410554524, -0.00021969239628862175, 0.00026230596090806693, -9.311248307709189e-07]]
time 1 is 21.1596791744
Deci is [[480.5815358614895, -0.0002158965214141265, 0.00026547846328255515, 1.216635273651742e-06]]
time 1 is 20.8230350018
Deci is [[480.5815358614895, -0.0002158965214141265, 0.00026547846328255515, 1.216635273651742e-06]]
time 1 is 3.71458601952
Deci is [[480.5815358614895, -0.00021588162025293266, 0.00026547846328255515, 1.216635273651742e-06]]
time 1 is 8.91785693169
Deci is [[480.5815358614895, -0.0002158965214141265, 0.000265493364443749, 1.216635273651742e-06]]
time 1 is 11.716438055
Deci is [[480.5815358614895, -0.0002158965214141265, 0.00026547846328255515, 1.2315364348455896e-06]]
time 1 is 3.79593586922
Deci is [[480.5815358614895, -0.00021588162025293266, 0.00026547846328255515, 1.216635273651742e-06]]
time 1 is 9.09728312492
Deci is [[480.5815358614895, -0.0002158965214141265, 0.000265493364443749, 1.216635273651742e-06]]
time 1 is 11.2135789394
Deci is [[480.5815358614895, -0.0002158965214141265, 0.00026547846328255515, 1.2315364348455896e-06]]
1. 	Local solution: [0.00036361608802274684]	Global best: [0.00027361635873099463] i
New solution accepted. Constraints vector: [1.9709305068230792e-06]
1. 	Local solution: [0.00016130821330385516]	Global best: [0.00036361608802274684] i
time 1 is 0.905295848846
Deci is [[480.29373168758735, -9.921790215809738e-05, 8.453952266394584e-05, 1.0346211445969829e-05]]
2. 	Local solution: [0.00029075012791762912]	Global best: [0.00036361608802274684] i
New solution accepted. Constraints vector: [9.7979223066639587e-07]
