Running Monotonic Basin Hopping .... this will take a while.
1. 	Local solution: [-3.2877164352296646e-27]	Global best: [-3.4692200570114864e-27] i
New solution accepted. Constraints vector: [0.048136129086722226, 0.00068940016103099253]
1. 	Local solution: [-3.2874880265455373e-27]	Global best: [-3.2877164352296646e-27] i
New solution accepted. Constraints vector: [0.046504649420212804, 0.00070762505272191811]
1. 	Local solution: [-3.2874831184430357e-27]	Global best: [-3.2874880265455373e-27] i
New solution accepted. Constraints vector: [0.042946074795123704, 0.00074973514353093894]
1. 	Local solution: [-3.2875976907860489e-27]	Global best: [-3.2874831184430357e-27] i
New solution accepted. Constraints vector: [0.039850906332463902, 0.00078618311193886462]
1. 	Local solution: [-3.2926154661133809e-27]	Global best: [-3.2875976907860489e-27] i
New solution accepted. Constraints vector: [0.033253201947026703, 0.0008995080226534371]
1. 	Local solution: [-3.2758942248012729e-27]	Global best: [-3.2926154661133809e-27] i
New solution accepted. Constraints vector: [0.020827752842641097, 0.0010155813560962042]
1. 	Local solution: [-3.2760018866718553e-27]	Global best: [-3.2758942248012729e-27] i
2. 	Local solution: [-3.2762295086588306e-27]	Global best: [-3.2758942248012729e-27] i
New solution accepted. Constraints vector: [0.020787292444635539, 0.0010162068862650103]
1. 	Local solution: [-3.2762527722101198e-27]	Global best: [-3.2762295086588306e-27] i
New solution accepted. Constraints vector: [0.019649483039889361, 0.0010305824664480245]
1. 	Local solution: [-3.279593082897511e-27]	Global best: [-3.2762527722101198e-27] i
2. 	Local solution: [-3.276131595678957e-27]	Global best: [-3.2762527722101198e-27] i
3. 	Local solution: [-3.2758585600881922e-27]	Global best: [-3.2762527722101198e-27] i
4. 	Local solution: [-3.2756725436321608e-27]	Global best: [-3.2762527722101198e-27] i
5. 	Local solution: [-3.2764764737834068e-27]	Global best: [-3.2762527722101198e-27] i
6. 	Local solution: [-3.2770115239208977e-27]	Global best: [-3.2762527722101198e-27] i
New solution accepted. Constraints vector: [0.018697908797256486, 0.0010425480432107621]
1. 	Local solution: [-3.2752086593230215e-27]	Global best: [-3.2770115239208977e-27] i
2. 	Local solution: [-3.2757885178392374e-27]	Global best: [-3.2770115239208977e-27] i
New solution accepted. Constraints vector: [0.018492669214308137, 0.0010463388866524927]
1. 	Local solution: [-3.2758355884148573e-27]	Global best: [-3.2757885178392374e-27] i
2. 	Local solution: [-3.2724431987442057e-27]	Global best: [-3.2757885178392374e-27] i
3. 	Local solution: [-3.2771994005556048e-27]	Global best: [-3.2757885178392374e-27] i
4. 	Local solution: [-3.2771064006872527e-27]	Global best: [-3.2757885178392374e-27] i
5. 	Local solution: [-3.2755287375566988e-27]	Global best: [-3.2757885178392374e-27] i
6. 	Local solution: [-3.2759339089004153e-27]	Global best: [-3.2757885178392374e-27] i
7. 	Local solution: [-3.2761129682037002e-27]	Global best: [-3.2757885178392374e-27] i
8. 	Local solution: [-3.2759549586165978e-27]	Global best: [-3.2757885178392374e-27] i
9. 	Local solution: [-3.27824161338088e-27]	Global best: [-3.2757885178392374e-27] i
New solution accepted. Constraints vector: [0.018107342751038674, 0.0010854427518360381]
1. 	Local solution: [-3.2759545659088922e-27]	Global best: [-3.27824161338088e-27] i
2. 	Local solution: [-3.2756778415908565e-27]	Global best: [-3.27824161338088e-27] i
3. 	Local solution: [-3.284091064736815e-27]	Global best: [-3.27824161338088e-27] i
4. 	Local solution: [-3.2756686407343629e-27]	Global best: [-3.27824161338088e-27] i
5. 	Local solution: [-3.2751685156222705e-27]	Global best: [-3.27824161338088e-27] i
6. 	Local solution: [-3.2757199510883632e-27]	Global best: [-3.27824161338088e-27] i
7. 	Local solution: [-3.275118162005538e-27]	Global best: [-3.27824161338088e-27] i
New solution accepted. Constraints vector: [0.018050567313151109, 0.0010547388265953926]
1. 	Local solution: [-3.2764637392477826e-27]	Global best: [-3.275118162005538e-27] i
2. 	Local solution: [-3.2771202553513147e-27]	Global best: [-3.275118162005538e-27] i
3. 	Local solution: [-3.2759885640673998e-27]	Global best: [-3.275118162005538e-27] i
4. 	Local solution: [-3.2789130031119982e-27]	Global best: [-3.275118162005538e-27] i
5. 	Local solution: [-3.2765457978655788e-27]	Global best: [-3.275118162005538e-27] i
6. 	Local solution: [-3.2766154256994127e-27]	Global best: [-3.275118162005538e-27] i
7. 	Local solution: [-3.2758033115181653e-27]	Global best: [-3.275118162005538e-27] i
8. 	Local solution: [-3.2764102152329601e-27]	Global best: [-3.275118162005538e-27] i
9. 	Local solution: [-3.275932227175901e-27]	Global best: [-3.275118162005538e-27] i
10. 	Local solution: [-3.2859528265661357e-27]	Global best: [-3.275118162005538e-27] i
New solution accepted. Constraints vector: [0.016585652847384919, 0.0011885358785721555]
1. 	Local solution: [-3.2908109163684163e-27]	Global best: [-3.2859528265661357e-27] i
2. 	Local solution: [-3.2891262073986474e-27]	Global best: [-3.2859528265661357e-27] i
3. 	Local solution: [-3.2876466756949704e-27]	Global best: [-3.2859528265661357e-27] i
4. 	Local solution: [-3.2870487919134868e-27]	Global best: [-3.2859528265661357e-27] i
5. 	Local solution: [-3.2718426562079815e-27]	Global best: [-3.2859528265661357e-27] i
6. 	Local solution: [-3.2894951362993307e-27]	Global best: [-3.2859528265661357e-27] i
7. 	Local solution: [-3.2889507616237881e-27]	Global best: [-3.2859528265661357e-27] i
8. 	Local solution: [-3.2890244679083826e-27]	Global best: [-3.2859528265661357e-27] i
9. 	Local solution: [-3.2902703562268801e-27]	Global best: [-3.2859528265661357e-27] i
10. 	Local solution: [-3.2759882443367805e-27]	Global best: [-3.2859528265661357e-27] i
11. 	Local solution: [-3.286928217923372e-27]	Global best: [-3.2859528265661357e-27] i
12. 	Local solution: [-3.290197338400403e-27]	Global best: [-3.2859528265661357e-27] i
13. 	Local solution: [-3.2893312672820876e-27]	Global best: [-3.2859528265661357e-27] i
14. 	Local solution: [-3.2913076248351806e-27]	Global best: [-3.2859528265661357e-27] i
15. 	Local solution: [-3.2913572144309346e-27]	Global best: [-3.2859528265661357e-27] i
16. 	Local solution: [-3.2871486455929351e-27]	Global best: [-3.2859528265661357e-27] i
17. 	Local solution: [-3.2898454603547361e-27]	Global best: [-3.2859528265661357e-27] i
18. 	Local solution: [-3.2901711855474364e-27]	Global best: [-3.2859528265661357e-27] i
19. 	Local solution: [-3.2893245707592714e-27]	Global best: [-3.2859528265661357e-27] i
20. 	Local solution: [-3.2928379404815522e-27]	Global best: [-3.2859528265661357e-27] i
Is the solution found a feasible trajectory? False
[[0.00045512099, 0.00021117398315587436, 4.7787622625049806e-05], [-0.00045512099, -0.0004354109935184822, 0.00045393226866036993], [0.00045512099, -0.00045512099, -0.00045512099], [0.00045512099, -0.00045512099, 7.148177088028886e-05], [-0.00019801353378506322, -0.00045512099, 0.0004512744432566332], [-0.00045512099, -0.00045512099, 0.0004536269832271015], [0.00045512099, -0.00045512099, 0.0004519156290028543], [0.00045512099, -0.0004547156672603751, -0.00045512099], [0.00014023605840069746, 0.00045429225491508906, 7.090096961495904e-05], [-0.00045512099, 0.0004518033708416927, 0.0004429170185557403], [-0.00045512099, 0.0004541080878336882, 0.00021826501259062503], [-0.00045512099, 0.00045512099, -6.990681201542725e-05]]
