Running Monotonic Basin Hopping .... this will take a while.
1. 	Local solution: [-3.2806428865371572e-27]	Global best: [-3.631129466493683e-27] i
New solution accepted. Constraints vector: [0.025602143182855679, 0.00095622152397209937]
1. 	Local solution: [-3.2877028102292335e-27]	Global best: [-3.2806428865371572e-27] i
2. 	Local solution: [-3.276723229728337e-27]	Global best: [-3.2806428865371572e-27] i
New solution accepted. Constraints vector: [0.024285219860706135, 0.00097275448909138603]
1. 	Local solution: [-3.2742116212244514e-27]	Global best: [-3.276723229728337e-27] i
New solution accepted. Constraints vector: [0.023529916799279366, 0.00098181851121973253]
1. 	Local solution: [-3.2759818026529318e-27]	Global best: [-3.2742116212244514e-27] i
2. 	Local solution: [-3.2763572956807142e-27]	Global best: [-3.2742116212244514e-27] i
3. 	Local solution: [-3.284640877425649e-27]	Global best: [-3.2742116212244514e-27] i
4. 	Local solution: [-3.2762293400900608e-27]	Global best: [-3.2742116212244514e-27] i
New solution accepted. Constraints vector: [0.022702377790248644, 0.00099209222695811937]
1. 	Local solution: [-3.2757068919061054e-27]	Global best: [-3.2762293400900608e-27] i
2. 	Local solution: [-3.2766161915241774e-27]	Global best: [-3.2762293400900608e-27] i
3. 	Local solution: [-3.2750144827761644e-27]	Global best: [-3.2762293400900608e-27] i
4. 	Local solution: [-3.2768879740553097e-27]	Global best: [-3.2762293400900608e-27] i
New solution accepted. Constraints vector: [0.021460114806910922, 0.0010074370915577233]
1. 	Local solution: [-3.2764818732289769e-27]	Global best: [-3.2768879740553097e-27] i
New solution accepted. Constraints vector: [0.020547144497130472, 0.0010219281233862106]
1. 	Local solution: [-3.2762246801339059e-27]	Global best: [-3.2764818732289769e-27] i
New solution accepted. Constraints vector: [0.015178883375089887, 0.0010935774729414888]
1. 	Local solution: [-3.275615240328232e-27]	Global best: [-3.2762246801339059e-27] i
2. 	Local solution: [-3.2756399452502765e-27]	Global best: [-3.2762246801339059e-27] i
3. 	Local solution: [-3.2762912909118611e-27]	Global best: [-3.2762246801339059e-27] i
4. 	Local solution: [-3.2750034394902265e-27]	Global best: [-3.2762246801339059e-27] i
5. 	Local solution: [-3.2757103135758153e-27]	Global best: [-3.2762246801339059e-27] i
6. 	Local solution: [-3.279634551813534e-27]	Global best: [-3.2762246801339059e-27] i
7. 	Local solution: [-3.279028978776588e-27]	Global best: [-3.2762246801339059e-27] i
8. 	Local solution: [-3.2750565974525309e-27]	Global best: [-3.2762246801339059e-27] i
9. 	Local solution: [-3.2779794819151444e-27]	Global best: [-3.2762246801339059e-27] i
New solution accepted. Constraints vector: [0.013090918966250366, 0.001116311075914925]
1. 	Local solution: [-3.2817183364744802e-27]	Global best: [-3.2779794819151444e-27] i
2. 	Local solution: [-3.275289117617929e-27]	Global best: [-3.2779794819151444e-27] i
3. 	Local solution: [-3.2768302279721567e-27]	Global best: [-3.2779794819151444e-27] i
4. 	Local solution: [-3.2734183580192359e-27]	Global best: [-3.2779794819151444e-27] i
New solution accepted. Constraints vector: [0.012761723339622628, 0.0011306723549142259]
1. 	Local solution: [-3.2754930891473574e-27]	Global best: [-3.2734183580192359e-27] i
2. 	Local solution: [-3.2746594375369683e-27]	Global best: [-3.2734183580192359e-27] i
New solution accepted. Constraints vector: [0.0095609027919639749, 0.0011658598781479706]
1. 	Local solution: [-3.2759193705518357e-27]	Global best: [-3.2746594375369683e-27] i
2. 	Local solution: [-3.275468789127727e-27]	Global best: [-3.2746594375369683e-27] i
3. 	Local solution: [-3.2734333674796318e-27]	Global best: [-3.2746594375369683e-27] i
4. 	Local solution: [-3.2764515152039309e-27]	Global best: [-3.2746594375369683e-27] i
5. 	Local solution: [-3.2759038374023261e-27]	Global best: [-3.2746594375369683e-27] i
6. 	Local solution: [-3.2750206003323756e-27]	Global best: [-3.2746594375369683e-27] i
7. 	Local solution: [-3.2794182373448671e-27]	Global best: [-3.2746594375369683e-27] i
8. 	Local solution: [-3.2777478655854277e-27]	Global best: [-3.2746594375369683e-27] i
9. 	Local solution: [-3.2757159287127986e-27]	Global best: [-3.2746594375369683e-27] i
10. 	Local solution: [-3.2761158512704622e-27]	Global best: [-3.2746594375369683e-27] i
11. 	Local solution: [-3.279325344658171e-27]	Global best: [-3.2746594375369683e-27] i
12. 	Local solution: [-3.2706748031550141e-27]	Global best: [-3.2746594375369683e-27] i
New solution accepted. Constraints vector: [0.0079194524906177691, 0.0011901339575450759]
1. 	Local solution: [-3.2749846221615021e-27]	Global best: [-3.2706748031550141e-27] i
2. 	Local solution: [-3.2665872977276397e-27]	Global best: [-3.2706748031550141e-27] i
New solution accepted. Constraints vector: [0.0071173392602550687, 0.0012027346925990751]
1. 	Local solution: [-3.2744506587595831e-27]	Global best: [-3.2665872977276397e-27] i
2. 	Local solution: [-3.2745781597483868e-27]	Global best: [-3.2665872977276397e-27] i
3. 	Local solution: [-3.2769507208206192e-27]	Global best: [-3.2665872977276397e-27] i
4. 	Local solution: [-3.2721062925385402e-27]	Global best: [-3.2665872977276397e-27] i
5. 	Local solution: [-3.2738798504943257e-27]	Global best: [-3.2665872977276397e-27] i
6. 	Local solution: [-3.2719476595833999e-27]	Global best: [-3.2665872977276397e-27] i
7. 	Local solution: [-3.2785058394496615e-27]	Global best: [-3.2665872977276397e-27] i
8. 	Local solution: [-3.2687832325459604e-27]	Global best: [-3.2665872977276397e-27] i
9. 	Local solution: [-3.2724334137174332e-27]	Global best: [-3.2665872977276397e-27] i
10. 	Local solution: [-3.2704686798994422e-27]	Global best: [-3.2665872977276397e-27] i
11. 	Local solution: [-3.276427388360275e-27]	Global best: [-3.2665872977276397e-27] i
12. 	Local solution: [-3.2745488268227088e-27]	Global best: [-3.2665872977276397e-27] i
13. 	Local solution: [-3.2729812250143875e-27]	Global best: [-3.2665872977276397e-27] i
14. 	Local solution: [-3.2757677697083978e-27]	Global best: [-3.2665872977276397e-27] i
15. 	Local solution: [-3.2683112027991544e-27]	Global best: [-3.2665872977276397e-27] i
16. 	Local solution: [-3.274881404839301e-27]	Global best: [-3.2665872977276397e-27] i
17. 	Local solution: [-3.2748947703705804e-27]	Global best: [-3.2665872977276397e-27] i
18. 	Local solution: [-3.2750293885014166e-27]	Global best: [-3.2665872977276397e-27] i
19. 	Local solution: [-3.2701270958928275e-27]	Global best: [-3.2665872977276397e-27] i
20. 	Local solution: [-3.2742076405570887e-27]	Global best: [-3.2665872977276397e-27] i
Is the solution found a feasible trajectory? False
[[0.00028606541459514273, 0.00015507077568075348, 7.402823287181312e-05], [-0.000455120819225032, -0.00045512099, 0.0004551205251467427], [0.00045512003995173245, -0.00045512099, -0.00045512073344400756], [0.00045512087195134917, -0.0004551202353455786, 7.115851761695699e-05], [-0.00020142313349267885, -0.00045512099, 0.00045512086533279337], [-0.00045512071401891083, -0.0004551203667858351, 0.00045512099], [0.00045512089835564676, -0.00045512099, 0.00045512079410828726], [0.00045512070845868597, -0.00045512099, -0.0003600456101235972], [0.0001729272751429872, 0.0004551209541122763, -0.00010684250220104669], [-0.0004551205151198195, 0.00045512099, 0.00045128234679223854], [-0.0004551207120071771, 0.000455120934453399, 0.00039434861573805883], [-0.00045512039385759524, 0.0004551206761554227, -0.00016383569391399637]]
