Running Monotonic Basin Hopping .... this will take a while.
1. 	Local solution: [-3.2902814577895088e-27]	Global best: [-3.6370752366492253e-27] i
New solution accepted. Constraints vector: [0.038423885362039854, 0.0008036154348747826]
1. 	Local solution: [-3.2745216288073374e-27]	Global best: [-3.2902814577895088e-27] i
New solution accepted. Constraints vector: [0.036545399068359831, 0.0008234380582804908]
1. 	Local solution: [-3.2755465342568648e-27]	Global best: [-3.2745216288073374e-27] i
2. 	Local solution: [-3.2730266621257617e-27]	Global best: [-3.2745216288073374e-27] i
New solution accepted. Constraints vector: [0.034971530658837548, 0.00084188953219247625]
1. 	Local solution: [-3.2735590015255144e-27]	Global best: [-3.2730266621257617e-27] i
2. 	Local solution: [-3.2728356996022948e-27]	Global best: [-3.2730266621257617e-27] i
New solution accepted. Constraints vector: [0.030962487064421888, 0.00088921540643724091]
1. 	Local solution: [-3.2758871291251175e-27]	Global best: [-3.2728356996022948e-27] i
New solution accepted. Constraints vector: [0.028507911466277132, 0.00096449750351322908]
1. 	Local solution: [-3.262138488954237e-27]	Global best: [-3.2758871291251175e-27] i
2. 	Local solution: [-3.2289147440755795e-27]	Global best: [-3.2758871291251175e-27] i
New solution accepted. Constraints vector: [0.027223291629052262, 0.00093350342417976902]
1. 	Local solution: [-3.2283683497051079e-27]	Global best: [-3.2289147440755795e-27] i
2. 	Local solution: [-3.2420900326874994e-27]	Global best: [-3.2289147440755795e-27] i
3. 	Local solution: [-3.2362847723760059e-27]	Global best: [-3.2289147440755795e-27] i
4. 	Local solution: [-3.2469808165258757e-27]	Global best: [-3.2289147440755795e-27] i
5. 	Local solution: [-3.2652966940798538e-27]	Global best: [-3.2289147440755795e-27] i
6. 	Local solution: [-3.2572100818041014e-27]	Global best: [-3.2289147440755795e-27] i
7. 	Local solution: [-3.2506617248003741e-27]	Global best: [-3.2289147440755795e-27] i
8. 	Local solution: [-3.2644545605660687e-27]	Global best: [-3.2289147440755795e-27] i
9. 	Local solution: [-3.2441948033908492e-27]	Global best: [-3.2289147440755795e-27] i
10. 	Local solution: [-3.2667192692475928e-27]	Global best: [-3.2289147440755795e-27] i
11. 	Local solution: [-3.2323651039470632e-27]	Global best: [-3.2289147440755795e-27] i
New solution accepted. Constraints vector: [0.025350646288176449, 0.00095627150163394539]
1. 	Local solution: [-3.221268785441843e-27]	Global best: [-3.2323651039470632e-27] i
2. 	Local solution: [-3.256441530788242e-27]	Global best: [-3.2323651039470632e-27] i
3. 	Local solution: [-3.217425532953898e-27]	Global best: [-3.2323651039470632e-27] i
4. 	Local solution: [-3.2362467858213098e-27]	Global best: [-3.2323651039470632e-27] i
New solution accepted. Constraints vector: [0.024893807584656893, 0.00099131609893623345]
1. 	Local solution: [-3.2382573160956166e-27]	Global best: [-3.2362467858213098e-27] i
2. 	Local solution: [-3.2244922636391689e-27]	Global best: [-3.2362467858213098e-27] i
3. 	Local solution: [-3.2320050141514407e-27]	Global best: [-3.2362467858213098e-27] i
4. 	Local solution: [-3.2626868476260672e-27]	Global best: [-3.2362467858213098e-27] i
New solution accepted. Constraints vector: [0.020327128332923466, 0.0010175659676363291]
1. 	Local solution: [-3.2658442561921916e-27]	Global best: [-3.2626868476260672e-27] i
2. 	Local solution: [-3.2576338732362398e-27]	Global best: [-3.2626868476260672e-27] i
3. 	Local solution: [-3.2403210745177425e-27]	Global best: [-3.2626868476260672e-27] i
4. 	Local solution: [-3.2613569431778473e-27]	Global best: [-3.2626868476260672e-27] i
5. 	Local solution: [-3.2659966277160175e-27]	Global best: [-3.2626868476260672e-27] i
6. 	Local solution: [-3.2610379856056059e-27]	Global best: [-3.2626868476260672e-27] i
7. 	Local solution: [-3.2496493371957202e-27]	Global best: [-3.2626868476260672e-27] i
8. 	Local solution: [-3.2638510701627353e-27]	Global best: [-3.2626868476260672e-27] i
9. 	Local solution: [-3.2619344659142567e-27]	Global best: [-3.2626868476260672e-27] i
10. 	Local solution: [-3.2484346000172288e-27]	Global best: [-3.2626868476260672e-27] i
11. 	Local solution: [-3.265273847675757e-27]	Global best: [-3.2626868476260672e-27] i
12. 	Local solution: [-3.2615062033892133e-27]	Global best: [-3.2626868476260672e-27] i
13. 	Local solution: [-3.2357382637698621e-27]	Global best: [-3.2626868476260672e-27] i
14. 	Local solution: [-3.2521606693157985e-27]	Global best: [-3.2626868476260672e-27] i
15. 	Local solution: [-3.2558757384126201e-27]	Global best: [-3.2626868476260672e-27] i
16. 	Local solution: [-3.2663835119735316e-27]	Global best: [-3.2626868476260672e-27] i
17. 	Local solution: [-3.260936503567258e-27]	Global best: [-3.2626868476260672e-27] i
18. 	Local solution: [-3.2530766171023965e-27]	Global best: [-3.2626868476260672e-27] i
19. 	Local solution: [-3.2650394246773403e-27]	Global best: [-3.2626868476260672e-27] i
20. 	Local solution: [-3.2642140417040181e-27]	Global best: [-3.2626868476260672e-27] i
Is the solution found a feasible trajectory? False
[[-0.00045512099, -0.00018299938994002123, 0.0001909588809965939], [-0.0004550984744853764, -0.0004544869309874388, 0.00045512099], [0.00045512099, -0.00045512099, -0.00018315949819785226], [0.00045512099, -0.00045512099, -0.0004550780496065556], [-0.0001483806088063633, -0.00045512099, -0.0004551047262272933], [-0.00045508489205410584, -0.00045512099, -0.00045512099], [0.00045512099, -0.00045508994301228647, -0.00045387320963098215], [0.00045512099, -0.00045512099, 0.0003208506122263177], [9.865680838962922e-05, 0.00045512099, -0.00045512099], [-0.00045512099, 0.00045512099, -0.0004551155848266478], [-0.00045512099, 0.00045512099, -0.0004550990932081263], [-0.00045511967218622853, 0.00045512099, 0.0001770542285081169]]
