Running Monotonic Basin Hopping .... this will take a while.
1. 	Local solution: [-3.3553625949900029e-27]	Global best: [-3.5962227414003008e-27] i
New solution accepted. Constraints vector: [0.090238982177026472, 0.00027335924680452602]
1. 	Local solution: [-3.3577929702337326e-27]	Global best: [-3.3553625949900029e-27] i
New solution accepted. Constraints vector: [0.076685274701781839, 0.0003744863524448952]
1. 	Local solution: [-3.3605605252941367e-27]	Global best: [-3.3577929702337326e-27] i
2. 	Local solution: [-3.3369273541828973e-27]	Global best: [-3.3577929702337326e-27] i
New solution accepted. Constraints vector: [0.074511351362156281, 0.00040013846537370075]
1. 	Local solution: [-3.3313978407278246e-27]	Global best: [-3.3369273541828973e-27] i
2. 	Local solution: [-3.3702868802291696e-27]	Global best: [-3.3369273541828973e-27] i
New solution accepted. Constraints vector: [0.13768814812904839, 6.5390852844504133e-06]
1. 	Local solution: [-3.3418155695903451e-27]	Global best: [-3.3702868802291696e-27] i
2. 	Local solution: [-3.3692065894232533e-27]	Global best: [-3.3702868802291696e-27] i
3. 	Local solution: [-3.3406779010343161e-27]	Global best: [-3.3702868802291696e-27] i
4. 	Local solution: [-3.3361375436634221e-27]	Global best: [-3.3702868802291696e-27] i
5. 	Local solution: [-3.3832568923285236e-27]	Global best: [-3.3702868802291696e-27] i
New solution accepted. Constraints vector: [0.12999491225334578, -9.0462873205002041e-06]
1. 	Local solution: [-3.3407825010548503e-27]	Global best: [-3.3832568923285236e-27] i
2. 	Local solution: [-3.3413844244815966e-27]	Global best: [-3.3832568923285236e-27] i
3. 	Local solution: [-3.3412573061650628e-27]	Global best: [-3.3832568923285236e-27] i
4. 	Local solution: [-3.3436347189661427e-27]	Global best: [-3.3832568923285236e-27] i
5. 	Local solution: [-3.3446326507079269e-27]	Global best: [-3.3832568923285236e-27] i
Is the solution found a feasible trajectory? False
[[0.0004533681170491895, 0.000389592549406895, 0], [-0.00043899459030308805, -0.0004411646168463232, 0], [0.00041631469176633593, -0.0004361716103163196, 0], [0.00043971121482028495, -0.00043001362238695066, 0], [-0.00023465659930302672, -0.00038246857005010213, 0], [-0.00040308962407838053, -0.000416675835556748, 0], [0.0003912140170297652, -0.0004444510912715451, 0], [0.0004550093918032025, -9.485647611088774e-05, 0], [9.31357119637517e-05, 0.0004162837977346952, 0], [-0.0004325617462389613, 0.0004068416393327059, 0], [-0.0004329639736834815, 0.00045150151394681164, 0], [-0.0004156016349410616, 0.0004437460672406913, 0]]
