Running Monotonic Basin Hopping .... this will take a while.
1. 	Local solution: [-3.3459636382345043e-27]	Global best: [-3.6252296214416116e-27] i
New solution accepted. Constraints vector: [0.076206599002062947, 0.00038127458649594423]
1. 	Local solution: [-3.3444518270379838e-27]	Global best: [-3.3459636382345043e-27] i
New solution accepted. Constraints vector: [0.071846640304138815, 0.00043327254355387726]
1. 	Local solution: [-3.3395575538575045e-27]	Global best: [-3.3444518270379838e-27] i
New solution accepted. Constraints vector: [0.071148071937360113, 0.00044018749736000282]
1. 	Local solution: [-3.3350910869160513e-27]	Global best: [-3.3395575538575045e-27] i
2. 	Local solution: [-3.3404604218232712e-27]	Global best: [-3.3395575538575045e-27] i
3. 	Local solution: [-3.3378541692053981e-27]	Global best: [-3.3395575538575045e-27] i
New solution accepted. Constraints vector: [0.070676984943604984, 0.00044571313649049337]
1. 	Local solution: [-3.3405274379553931e-27]	Global best: [-3.3378541692053981e-27] i
2. 	Local solution: [-3.334729139891652e-27]	Global best: [-3.3378541692053981e-27] i
3. 	Local solution: [-3.3393530149905412e-27]	Global best: [-3.3378541692053981e-27] i
4. 	Local solution: [-3.3356487854780557e-27]	Global best: [-3.3378541692053981e-27] i
New solution accepted. Constraints vector: [0.068643281333458053, 0.00047164841226857488]
1. 	Local solution: [-3.3422320036892252e-27]	Global best: [-3.3356487854780557e-27] i
2. 	Local solution: [-3.341552493026129e-27]	Global best: [-3.3356487854780557e-27] i
3. 	Local solution: [-3.3378197999326352e-27]	Global best: [-3.3356487854780557e-27] i
4. 	Local solution: [-3.3398584665272444e-27]	Global best: [-3.3356487854780557e-27] i
5. 	Local solution: [-3.3387383034222835e-27]	Global best: [-3.3356487854780557e-27] i
Is the solution found a feasible trajectory? False
[[0.00045512099, -0.00045512099, 0], [-0.00045512099, -0.0004538266825872872, 0], [0.00045512099, -0.00045512099, 0], [0.00045512099, -0.00045512099, 0], [-0.00025754199202284746, -0.00045512099, 0], [-0.00045512099, -0.0004549134286532501, 0], [0.00045512099, -0.00045512099, 0], [0.00045512099, -0.00015987225690087544, 0], [8.195601838995153e-05, 0.00045512099, 0], [-0.00045512099, 0.000454474128811214, 0], [-0.00045512099, 0.00045512099, 0], [-0.00045512099, 0.00045512099, 0]]
