Running Monotonic Basin Hopping .... this will take a while.
time 1 is 18.0327401161
Deci is [[-0.00021506411985342994, -0.00012689510021592778, 0], [-0.000206876103129391, -0.00013685308534961714, 0], [0.0001885228845914464, -7.370353257522479e-06, 0], [0.0001031990329050954, -9.168578922892107e-05, 0], [-3.1856725864859946e-06, -0.00033504587358960757, 0], [0.00016818544259304948, 0.00032257224379688717, 0], [-0.0001658692957904071, -0.00011776964391979512, 0], [0.00019469218560946852, 0.00044702302468278425, 0], [-0.00014924060798547932, -0.00022822621929755838, 0], [2.5209684065032262e-05, -2.439796691270154e-05, 0], [0.00029042652673899545, 0.00011611531731045376, 0], [1.4539154831847719e-06, 0.000151536223490717, 0]]
time 1 is 19.3494119644
Deci is [[-0.00021506411985342994, -0.00012689510021592778, 0], [-0.000206876103129391, -0.00013685308534961714, 0], [0.0001885228845914464, -7.370353257522479e-06, 0], [0.0001031990329050954, -9.168578922892107e-05, 0], [-3.1856725864859946e-06, -0.00033504587358960757, 0], [0.00016818544259304948, 0.00032257224379688717, 0], [-0.0001658692957904071, -0.00011776964391979512, 0], [0.00019469218560946852, 0.00044702302468278425, 0], [-0.00014924060798547932, -0.00022822621929755838, 0], [2.5209684065032262e-05, -2.439796691270154e-05, 0], [0.00029042652673899545, 0.00011611531731045376, 0], [1.4539154831847719e-06, 0.000151536223490717, 0]]
1. 	Local solution: [-3.3746781514587666e-27]	Global best: [-3.7364339145534508e-27] i
New solution accepted. Constraints vector: [0.073141445096655697, 0.00041641097982056077]
1. 	Local solution: [-3.3780296576587469e-27]	Global best: [-3.3746781514587666e-27] i
New solution accepted. Constraints vector: [0.069424607068136343, 0.0004606060602745234]
1. 	Local solution: [-3.377650439002272e-27]	Global best: [-3.3780296576587469e-27] i
2. 	Local solution: [-3.3797141038780373e-27]	Global best: [-3.3780296576587469e-27] i
3. 	Local solution: [-3.3748741469439915e-27]	Global best: [-3.3780296576587469e-27] i
4. 	Local solution: [-3.3812139394337142e-27]	Global best: [-3.3780296576587469e-27] i
5. 	Local solution: [-3.3720154134874866e-27]	Global best: [-3.3780296576587469e-27] i
New solution accepted. Constraints vector: [0.061530165211217298, 0.00055407469518461354]
1. 	Local solution: [-3.3765034980064159e-27]	Global best: [-3.3720154134874866e-27] i
New solution accepted. Constraints vector: [0.060923046229959282, 0.00059024672607779641]
1. 	Local solution: [-3.3764976265704665e-27]	Global best: [-3.3765034980064159e-27] i
2. 	Local solution: [-3.3798269245709131e-27]	Global best: [-3.3765034980064159e-27] i
3. 	Local solution: [-3.3755669649015989e-27]	Global best: [-3.3765034980064159e-27] i
4. 	Local solution: [-3.3787035163544327e-27]	Global best: [-3.3765034980064159e-27] i
5. 	Local solution: [-3.3709150137810035e-27]	Global best: [-3.3765034980064159e-27] i
Is the solution found a feasible trajectory? False
[[-0.0002095455851174176, -0.00014089074487911988, 0], [-0.00044757424603180794, -0.0004415209541319994, 0], [0.000439795066981718, -0.00045512099, 0], [0.00045512099, -0.00045512099, 0], [-0.0002055791400667369, -0.0004531318583567177, 0], [-0.0004517376111510011, -0.00045512099, 0], [0.0004457064890935737, -0.0004547033628657633, 0], [0.00044936263686542067, -0.00029863703596752587, 0], [4.960090367691564e-05, 0.0004515411449276114, 0], [-0.00045481359212864216, 0.0004535613145241239, 0], [-0.0004388674992458287, 0.00045512099, 0], [-0.00045512099, 0.00045512099, 0]]
